Running: D:\Xilinx\14.7\ISE_DS\ISE\bin\nt\unwrapped\fuse.exe -intstyle ise -incremental -lib unisims_ver -lib unimacro_ver -lib xilinxcorelib_ver -lib secureip -o E:/Working/Digital Electronics/Mips-Pipelined/Mips-Pipelined-Project/Components/Program-Counter/pc_test_isim_beh.exe -prj E:/Working/Digital Electronics/Mips-Pipelined/Mips-Pipelined-Project/Components/Program-Counter/pc_test_beh.prj work.pc_test work.glbl 
ISim P.20131013 (signature 0x8ef4fb42)
Number of CPUs detected in this system: 8
Turning on mult-threading, number of parallel sub-compilation jobs: 16 
Determining compilation order of HDL files
Analyzing Verilog file "E:/Working/Digital Electronics/Mips-Pipelined/Mips-Pipelined-Project/Components/Program-Counter/PC.v" into library work
Analyzing Verilog file "E:/Working/Digital Electronics/Mips-Pipelined/Mips-Pipelined-Project/Components/Program-Counter/pc_test.v" into library work
Analyzing Verilog file "D:/Xilinx/14.7/ISE_DS/ISE//verilog/src/glbl.v" into library work
Starting static elaboration
Completed static elaboration
Fuse Memory Usage: 160076 KB
Fuse CPU Usage: 234 ms
Compiling module PC
Compiling module pc_test
Compiling module glbl
Time Resolution for simulation is 1ps.
Compiled 3 Verilog Units
Built simulation executable E:/Working/Digital Electronics/Mips-Pipelined/Mips-Pipelined-Project/Components/Program-Counter/pc_test_isim_beh.exe
Fuse Memory Usage: 165552 KB
Fuse CPU Usage: 281 ms
