Running: fuse.exe -relaunch -intstyle "ise" -incremental -lib "unisims_ver" -lib "unimacro_ver" -lib "xilinxcorelib_ver" -lib "secureip" -o "E:/Working/Digital Electronics/Mips-Pipelined/Components/ALU/ALU_tf_isim_beh.exe" -prj "E:/Working/Digital Electronics/Mips-Pipelined/Components/ALU/ALU_tf_beh.prj" "work.ALU_tf" "work.glbl" 
ISim P.20131013 (signature 0x8ef4fb42)
Number of CPUs detected in this system: 8
Turning on mult-threading, number of parallel sub-compilation jobs: 16 
Determining compilation order of HDL files
Analyzing Verilog file "E:/Working/Digital Electronics/Mips-Pipelined/Components/ALU/ALU.v" into library work
Analyzing Verilog file "E:/Working/Digital Electronics/Mips-Pipelined/Components/ALU/ALU_tf.v" into library work
Analyzing Verilog file "D:/Xilinx/14.7/ISE_DS/ISE//verilog/src/glbl.v" into library work
Starting static elaboration
Completed static elaboration
Fuse Memory Usage: 160076 KB
Fuse CPU Usage: 234 ms
Compiling module ALU
Compiling module ALU_tf
Compiling module glbl
Time Resolution for simulation is 1ps.
Compiled 3 Verilog Units
Built simulation executable E:/Working/Digital Electronics/Mips-Pipelined/Components/ALU/ALU_tf_isim_beh.exe
Fuse Memory Usage: 165388 KB
Fuse CPU Usage: 234 ms
