Running: D:\Xilinx\14.7\ISE_DS\ISE\bin\nt\unwrapped\fuse.exe -intstyle ise -incremental -lib unisims_ver -lib unimacro_ver -lib xilinxcorelib_ver -lib secureip -o E:/Working/Digital Electronics/Mips-Pipelined/Mips-Pipelined-Project/Components/Instruction-Memory/InstructionMemTf_isim_beh.exe -prj E:/Working/Digital Electronics/Mips-Pipelined/Mips-Pipelined-Project/Components/Instruction-Memory/InstructionMemTf_beh.prj work.InstructionMemTf work.glbl 
ISim P.20131013 (signature 0x8ef4fb42)
Number of CPUs detected in this system: 8
Turning on mult-threading, number of parallel sub-compilation jobs: 16 
Determining compilation order of HDL files
Analyzing Verilog file "E:/Working/Digital Electronics/Mips-Pipelined/Mips-Pipelined-Project/Components/Instruction-Memory/InstructionMem.v" into library work
Analyzing Verilog file "E:/Working/Digital Electronics/Mips-Pipelined/Mips-Pipelined-Project/Components/Instruction-Memory/InstructionMemTf.v" into library work
Analyzing Verilog file "D:/Xilinx/14.7/ISE_DS/ISE//verilog/src/glbl.v" into library work
Starting static elaboration
Completed static elaboration
Fuse Memory Usage: 159884 KB
Fuse CPU Usage: 202 ms
Compiling module InstructionMem
Compiling module InstructionMemTf
Compiling module glbl
Time Resolution for simulation is 1ps.
Compiled 3 Verilog Units
Built simulation executable E:/Working/Digital Electronics/Mips-Pipelined/Mips-Pipelined-Project/Components/Instruction-Memory/InstructionMemTf_isim_beh.exe
Fuse Memory Usage: 165360 KB
Fuse CPU Usage: 218 ms
