Running: D:\Xilinx\14.7\ISE_DS\ISE\bin\nt\unwrapped\fuse.exe -intstyle ise -incremental -lib unisims_ver -lib unimacro_ver -lib xilinxcorelib_ver -lib secureip -o E:/Working/Digital Electronics/Mips-Pipelined/Mips-Pipelined-Project/Components/Data-Memory/DataMemorytb_isim_beh.exe -prj E:/Working/Digital Electronics/Mips-Pipelined/Mips-Pipelined-Project/Components/Data-Memory/DataMemorytb_beh.prj work.DataMemorytb work.glbl 
ISim P.20131013 (signature 0x8ef4fb42)
Number of CPUs detected in this system: 8
Turning on mult-threading, number of parallel sub-compilation jobs: 16 
Determining compilation order of HDL files
Analyzing Verilog file "E:/Working/Digital Electronics/Mips-Pipelined/Mips-Pipelined-Project/Components/Data-Memory/DataMemory.v" into library work
Analyzing Verilog file "E:/Working/Digital Electronics/Mips-Pipelined/Mips-Pipelined-Project/Components/Data-Memory/DataMemorytb.v" into library work
Analyzing Verilog file "D:/Xilinx/14.7/ISE_DS/ISE//verilog/src/glbl.v" into library work
Starting static elaboration
Completed static elaboration
Fuse Memory Usage: 159948 KB
Fuse CPU Usage: 187 ms
Compiling module DataMemory
Compiling module DataMemorytb
Compiling module glbl
Time Resolution for simulation is 1ps.
Waiting for 1 sub-compilation(s) to finish...
Compiled 3 Verilog Units
Built simulation executable E:/Working/Digital Electronics/Mips-Pipelined/Mips-Pipelined-Project/Components/Data-Memory/DataMemorytb_isim_beh.exe
Fuse Memory Usage: 165424 KB
Fuse CPU Usage: 218 ms
