Running: fuse.exe -relaunch -intstyle "ise" -incremental -lib "unisims_ver" -lib "unimacro_ver" -lib "xilinxcorelib_ver" -lib "secureip" -o "E:/Working/Digital Electronics/Mips-Processor/Mips-Processor/MIPS-Microprocessor/Mips_tf_isim_beh.exe" -prj "E:/Working/Digital Electronics/Mips-Processor/Mips-Processor/MIPS-Microprocessor/Mips_tf_beh.prj" "Mips_tf" "work.glbl" 
ISim P.20131013 (signature 0x8ef4fb42)
Number of CPUs detected in this system: 8
Turning on mult-threading, number of parallel sub-compilation jobs: 16 
Determining compilation order of HDL files
Analyzing Verilog file "E:/Working/Digital Electronics/Mips-Processor/Mips-Processor/MIPS-Microprocessor/Regfile.v" into library work
Analyzing Verilog file "E:/Working/Digital Electronics/Mips-Processor/Mips-Processor/MIPS-Microprocessor/PC.v" into library work
Analyzing Verilog file "E:/Working/Digital Electronics/Mips-Processor/Mips-Processor/MIPS-Microprocessor/DataMemory.v" into library work
Analyzing Verilog file "E:/Working/Digital Electronics/Mips-Processor/Mips-Processor/MIPS-Microprocessor/ControlUnit.v" into library work
Analyzing Verilog file "E:/Working/Digital Electronics/Mips-Processor/Mips-Processor/MIPS-Microprocessor/ALU.v" into library work
Analyzing Verilog file "E:/Working/Digital Electronics/Mips-Processor/Mips-Processor/MIPS-Microprocessor/../Components/Instruction-Memory/InstructionMem.v" into library work
Analyzing Verilog file "E:/Working/Digital Electronics/Mips-Processor/Mips-Processor/MIPS-Microprocessor/Mips.v" into library work
Analyzing Verilog file "E:/Working/Digital Electronics/Mips-Processor/Mips-Processor/MIPS-Microprocessor/Mips_tf.v" into library work
Analyzing Verilog file "D:/Xilinx/14.7/ISE_DS/ISE//verilog/src/glbl.v" into library work
Starting static elaboration
Completed static elaboration
Fuse Memory Usage: 159500 KB
Fuse CPU Usage: 234 ms
Compiling module ALU
Compiling module Regfile
Compiling module InstructionMem
Compiling module PC
Compiling module DataMemory
Compiling module ControlUnit
Compiling module Mips
Compiling module Mips_tf
Compiling module glbl
Time Resolution for simulation is 1ps.
Compiled 9 Verilog Units
Built simulation executable E:/Working/Digital Electronics/Mips-Processor/Mips-Processor/MIPS-Microprocessor/Mips_tf_isim_beh.exe
Fuse Memory Usage: 166860 KB
Fuse CPU Usage: 311 ms
