ISim log file
Running: E:\Working\Digital Electronics\Mips-Processor\Mips-Processor\MIPS-Microprocessor\Mips_tf_isim_beh.exe -intstyle ise -gui -tclbatch isim.cmd -wdb E:/Working/Digital Electronics/Mips-Processor/Mips-Processor/MIPS-Microprocessor/Mips_tf_isim_beh.wdb 
ISim P.20131013 (signature 0x8ef4fb42)
This is a Full version of ISim.
Time resolution is 1 ps
# onerror resume
# wave add /
# run 1000 ns
Simulator is doing circuit initialization process.
Finished circuit initialization process.
ISim P.20131013 (signature 0x8ef4fb42)
This is a Full version of ISim.
# run 1000 ns
Simulator is doing circuit initialization process.
Finished circuit initialization process.
ISim P.20131013 (signature 0x8ef4fb42)
This is a Full version of ISim.
# run 1000 ns
Simulator is doing circuit initialization process.
Finished circuit initialization process.
ISim P.20131013 (signature 0x8ef4fb42)
This is a Full version of ISim.
# run 1000 ns
Simulator is doing circuit initialization process.
Finished circuit initialization process.
